[2023-12-08 11:35:49,308: INFO: main: Welcome to my custom log]
[2023-12-08 11:35:59,510: INFO: main: Welcome to my custom log]
[2023-12-10 15:49:13,760: INFO: common: yaml file: C:\Users\bhand\OneDrive\Desktop\Deep Learning\Chicken_disease\Chicken-Disease-Classification-Tutorial\config\config.yaml loaded successfully]
[2023-12-10 15:49:13,764: INFO: common: yaml file: C:\Users\bhand\OneDrive\Desktop\Deep Learning\Chicken_disease\Chicken-Disease-Classification-Tutorial\params.yaml loaded successfully]
[2023-12-10 15:49:13,765: INFO: common: Create directory at: artifacts]
[2023-12-10 15:49:13,767: INFO: common: Create directory at: artifacts/data_ingestion]
[2023-12-10 15:49:19,662: INFO: 1457973317: artifacts/data_ingestion/data.zip download! with following info: 
Connection: close
Content-Length: 11616915
Cache-Control: max-age=300
Content-Security-Policy: default-src 'none'; style-src 'unsafe-inline'; sandbox
Content-Type: application/zip
ETag: "adf745abc03891fe493c3be264ec012691fe3fa21d861f35a27edbe6d86a76b1"
Strict-Transport-Security: max-age=31536000
X-Content-Type-Options: nosniff
X-Frame-Options: deny
X-XSS-Protection: 1; mode=block
X-GitHub-Request-Id: 9C34:11D5:9C3C7E:C15AE3:657590A1
Accept-Ranges: bytes
Date: Sun, 10 Dec 2023 10:19:17 GMT
Via: 1.1 varnish
X-Served-By: cache-maa10242-MAA
X-Cache: MISS
X-Cache-Hits: 0
X-Timer: S1702203553.364414,VS0,VE3678
Vary: Authorization,Accept-Encoding,Origin
Access-Control-Allow-Origin: *
Cross-Origin-Resource-Policy: cross-origin
X-Fastly-Request-ID: 33211fe7a9e2d95f659ef94ebf59c56b6552d100
Expires: Sun, 10 Dec 2023 10:24:17 GMT
Source-Age: 3

]
[2023-12-10 15:50:42,600: INFO: common: yaml file: C:\Users\bhand\OneDrive\Desktop\Deep Learning\Chicken_disease\Chicken-Disease-Classification-Tutorial\config\config.yaml loaded successfully]
[2023-12-10 15:50:42,603: INFO: common: yaml file: C:\Users\bhand\OneDrive\Desktop\Deep Learning\Chicken_disease\Chicken-Disease-Classification-Tutorial\params.yaml loaded successfully]
[2023-12-10 15:50:42,604: INFO: common: Create directory at: artifacts]
[2023-12-10 15:50:42,605: INFO: common: Create directory at: artifacts/data_ingestion]
[2023-12-10 15:50:44,566: INFO: 1457973317: artifacts/data_ingestion/data.zip download! with following info: 
Connection: close
Content-Length: 11616915
Cache-Control: max-age=300
Content-Security-Policy: default-src 'none'; style-src 'unsafe-inline'; sandbox
Content-Type: application/zip
ETag: "adf745abc03891fe493c3be264ec012691fe3fa21d861f35a27edbe6d86a76b1"
Strict-Transport-Security: max-age=31536000
X-Content-Type-Options: nosniff
X-Frame-Options: deny
X-XSS-Protection: 1; mode=block
X-GitHub-Request-Id: 9C34:11D5:9C3C7E:C15AE3:657590A1
Accept-Ranges: bytes
Date: Sun, 10 Dec 2023 10:20:41 GMT
Via: 1.1 varnish
X-Served-By: cache-maa10243-MAA
X-Cache: HIT
X-Cache-Hits: 0
X-Timer: S1702203642.653589,VS0,VE1
Vary: Authorization,Accept-Encoding,Origin
Access-Control-Allow-Origin: *
Cross-Origin-Resource-Policy: cross-origin
X-Fastly-Request-ID: 45ff8e4a5e732824cbeda4e6c508b34bef64dfcf
Expires: Sun, 10 Dec 2023 10:25:41 GMT
Source-Age: 87

]
[2023-12-10 15:52:54,814: INFO: common: yaml file: C:\Users\bhand\OneDrive\Desktop\Deep Learning\Nidarshan\config\config.yaml loaded successfully]
[2023-12-10 15:52:54,821: INFO: common: yaml file: C:\Users\bhand\OneDrive\Desktop\Deep Learning\Nidarshan\params.yaml loaded successfully]
[2023-12-10 15:52:54,821: INFO: common: Create directory at: artifacts]
[2023-12-10 15:52:54,821: INFO: common: Create directory at: artifacts/data_ingestion]
[2023-12-10 15:52:55,486: INFO: 1457973317: artifacts/data_ingestion/data.zip download! with following info: 
Server: GitHub.com
Date: Sun, 10 Dec 2023 10:22:53 GMT
Content-Type: text/html; charset=utf-8
Vary: X-PJAX, X-PJAX-Container, Turbo-Visit, Turbo-Frame, Accept-Encoding, Accept, X-Requested-With
ETag: W/"1318d7024c89a3cf0ce19e6fd0f33644"
Cache-Control: max-age=0, private, must-revalidate
Strict-Transport-Security: max-age=31536000; includeSubdomains; preload
X-Frame-Options: deny
X-Content-Type-Options: nosniff
X-XSS-Protection: 0
Referrer-Policy: no-referrer-when-downgrade
Content-Security-Policy: default-src 'none'; base-uri 'self'; child-src github.com/assets-cdn/worker/ gist.github.com/assets-cdn/worker/; connect-src 'self' uploads.github.com www.githubstatus.com collector.github.com raw.githubusercontent.com api.github.com github-cloud.s3.amazonaws.com github-production-repository-file-5c1aeb.s3.amazonaws.com github-production-upload-manifest-file-7fdce7.s3.amazonaws.com github-production-user-asset-6210df.s3.amazonaws.com cdn.optimizely.com logx.optimizely.com/v1/events api.githubcopilot.com objects-origin.githubusercontent.com *.actions.githubusercontent.com wss://*.actions.githubusercontent.com productionresultssa0.blob.core.windows.net/ productionresultssa1.blob.core.windows.net/ productionresultssa2.blob.core.windows.net/ productionresultssa3.blob.core.windows.net/ productionresultssa4.blob.core.windows.net/ productionresultssa5.blob.core.windows.net/ productionresultssa6.blob.core.windows.net/ productionresultssa7.blob.core.windows.net/ productionresultssa8.blob.core.windows.net/ productionresultssa9.blob.core.windows.net/ github-production-repository-image-32fea6.s3.amazonaws.com github-production-release-asset-2e65be.s3.amazonaws.com insights.github.com wss://alive.github.com; font-src github.githubassets.com; form-action 'self' github.com gist.github.com objects-origin.githubusercontent.com; frame-ancestors 'none'; frame-src viewscreen.githubusercontent.com notebooks.githubusercontent.com support.github.com; img-src 'self' data: github.githubassets.com media.githubusercontent.com camo.githubusercontent.com identicons.github.com avatars.githubusercontent.com github-cloud.s3.amazonaws.com objects.githubusercontent.com secured-user-images.githubusercontent.com/ user-images.githubusercontent.com/ private-user-images.githubusercontent.com opengraph.githubassets.com github-production-user-asset-6210df.s3.amazonaws.com customer-stories-feed.github.com spotlights-feed.github.com objects-origin.githubusercontent.com *.githubusercontent.com; manifest-src 'self'; media-src github.com user-images.githubusercontent.com/ secured-user-images.githubusercontent.com/ private-user-images.githubusercontent.com github-production-user-asset-6210df.s3.amazonaws.com gist.github.com; script-src github.githubassets.com; style-src 'unsafe-inline' github.githubassets.com; upgrade-insecure-requests; worker-src github.com/assets-cdn/worker/ gist.github.com/assets-cdn/worker/
Set-Cookie: _gh_sess=2VOLmnCHpTxtu8l6R5MLlnvZ9inxGf5t7rJpHGvPd7qScSXNI1KQQnWpP%2BRe2J%2Bq3DWv%2F9f71xi%2Bo2MEQPAbShiIqR37%2BfLsE%2B6Eo024DJvgvnxZ9j8tNm6J%2Fbl7%2B9HDYzxR77bTLlss%2FoKXa9mtLgFQ5CEJlAWC56ZCgCLtw%2BLT25Gp%2FOMQ0GguKnzO%2BbtixA7h9XqsLbvira9rLdUQXz0LnMG35%2Fj3s66S0gDPo3Evyfnsiy1O5jL9Nxpa7MLgzDW36ueWNr5Pry88iZKhXg%3D%3D--CRBknaAPLY9vsI1F--m5BAWzu7GiHtnXIRM91Rmw%3D%3D; Path=/; HttpOnly; Secure; SameSite=Lax
Set-Cookie: _octo=GH1.1.1431693279.1702203773; Path=/; Domain=github.com; Expires=Tue, 10 Dec 2024 10:22:53 GMT; Secure; SameSite=Lax
Set-Cookie: logged_in=no; Path=/; Domain=github.com; Expires=Tue, 10 Dec 2024 10:22:53 GMT; HttpOnly; Secure; SameSite=Lax
Accept-Ranges: bytes
Transfer-Encoding: chunked
X-GitHub-Request-Id: 1676:1C0B64:12A5A25:15453E8:6575917D
connection: close

]
[2023-12-10 15:56:19,644: INFO: common: yaml file: C:\Users\bhand\OneDrive\Desktop\Deep Learning\Nidarshan\config\config.yaml loaded successfully]
[2023-12-10 15:56:19,645: INFO: common: yaml file: C:\Users\bhand\OneDrive\Desktop\Deep Learning\Nidarshan\params.yaml loaded successfully]
[2023-12-10 15:56:19,646: INFO: common: Create directory at: artifacts]
[2023-12-10 15:56:19,646: INFO: common: Create directory at: artifacts/data_ingestion]
[2023-12-10 15:56:19,647: INFO: 1457973317: File already exists of size: ~127]
[2023-12-10 15:56:27,885: INFO: common: yaml file: C:\Users\bhand\OneDrive\Desktop\Deep Learning\Nidarshan\config\config.yaml loaded successfully]
[2023-12-10 15:56:27,886: INFO: common: yaml file: C:\Users\bhand\OneDrive\Desktop\Deep Learning\Nidarshan\params.yaml loaded successfully]
[2023-12-10 15:56:27,887: INFO: common: Create directory at: artifacts]
[2023-12-10 15:56:27,888: INFO: common: Create directory at: artifacts/data_ingestion]
[2023-12-10 15:56:27,889: INFO: 1457973317: File already exists of size: ~127]
[2023-12-10 16:03:12,189: INFO: common: yaml file: C:\Users\bhand\OneDrive\Desktop\Deep Learning\Nidarshan\config\config.yaml loaded successfully]
[2023-12-10 16:03:12,191: INFO: common: yaml file: C:\Users\bhand\OneDrive\Desktop\Deep Learning\Nidarshan\params.yaml loaded successfully]
[2023-12-10 16:03:12,192: INFO: common: Create directory at: artifacts]
[2023-12-10 16:03:12,192: INFO: common: Create directory at: artifacts/data_ingestion]
[2023-12-10 16:03:12,914: INFO: 1457973317: artifacts/data_ingestion/data.zip download! with following info: 
Server: GitHub.com
Date: Sun, 10 Dec 2023 10:33:11 GMT
Content-Type: text/html; charset=utf-8
Vary: X-PJAX, X-PJAX-Container, Turbo-Visit, Turbo-Frame, Accept-Encoding, Accept, X-Requested-With
ETag: W/"24806784c4c7f63c6bc9621cb692a4e2"
Cache-Control: max-age=0, private, must-revalidate
Strict-Transport-Security: max-age=31536000; includeSubdomains; preload
X-Frame-Options: deny
X-Content-Type-Options: nosniff
X-XSS-Protection: 0
Referrer-Policy: no-referrer-when-downgrade
Content-Security-Policy: default-src 'none'; base-uri 'self'; child-src github.com/assets-cdn/worker/ gist.github.com/assets-cdn/worker/; connect-src 'self' uploads.github.com www.githubstatus.com collector.github.com raw.githubusercontent.com api.github.com github-cloud.s3.amazonaws.com github-production-repository-file-5c1aeb.s3.amazonaws.com github-production-upload-manifest-file-7fdce7.s3.amazonaws.com github-production-user-asset-6210df.s3.amazonaws.com cdn.optimizely.com logx.optimizely.com/v1/events api.githubcopilot.com objects-origin.githubusercontent.com *.actions.githubusercontent.com wss://*.actions.githubusercontent.com productionresultssa0.blob.core.windows.net/ productionresultssa1.blob.core.windows.net/ productionresultssa2.blob.core.windows.net/ productionresultssa3.blob.core.windows.net/ productionresultssa4.blob.core.windows.net/ productionresultssa5.blob.core.windows.net/ productionresultssa6.blob.core.windows.net/ productionresultssa7.blob.core.windows.net/ productionresultssa8.blob.core.windows.net/ productionresultssa9.blob.core.windows.net/ github-production-repository-image-32fea6.s3.amazonaws.com github-production-release-asset-2e65be.s3.amazonaws.com insights.github.com wss://alive.github.com; font-src github.githubassets.com; form-action 'self' github.com gist.github.com objects-origin.githubusercontent.com; frame-ancestors 'none'; frame-src viewscreen.githubusercontent.com notebooks.githubusercontent.com support.github.com; img-src 'self' data: github.githubassets.com media.githubusercontent.com camo.githubusercontent.com identicons.github.com avatars.githubusercontent.com github-cloud.s3.amazonaws.com objects.githubusercontent.com secured-user-images.githubusercontent.com/ user-images.githubusercontent.com/ private-user-images.githubusercontent.com opengraph.githubassets.com github-production-user-asset-6210df.s3.amazonaws.com customer-stories-feed.github.com spotlights-feed.github.com objects-origin.githubusercontent.com *.githubusercontent.com; manifest-src 'self'; media-src github.com user-images.githubusercontent.com/ secured-user-images.githubusercontent.com/ private-user-images.githubusercontent.com github-production-user-asset-6210df.s3.amazonaws.com gist.github.com; script-src github.githubassets.com; style-src 'unsafe-inline' github.githubassets.com; upgrade-insecure-requests; worker-src github.com/assets-cdn/worker/ gist.github.com/assets-cdn/worker/
Set-Cookie: _gh_sess=wtIQr82O13g3GsqSckdCbeSbXN%2FByNJdtFcHDQsTMTYo5J643Sbf8677DHv%2FEvOPCqPud1ZBBKI5ea4PRPABgWry6KAqIGcZxdpFdinIYG5Rn1BR%2B0UPSqVvFX7jdY0EyNebrMOyxfH0bWN9xKUqXITdMwPeRipQnlD27nfxY0RZmrFieQTyBvmwYyiyhRe%2BrIywbSuH%2B54XBPKjOQokcQ8LRFRJLdcIkO7FppNxVG6jbO%2BKbiXC%2FljGdH4oOnkjlihK3vjmZPdN7iPkDnbbbA%3D%3D--u%2BKChmiONldaQRPe--It3GSS406ciEp6czD22dpw%3D%3D; Path=/; HttpOnly; Secure; SameSite=Lax
Set-Cookie: _octo=GH1.1.2040349658.1702204390; Path=/; Domain=github.com; Expires=Tue, 10 Dec 2024 10:33:10 GMT; Secure; SameSite=Lax
Set-Cookie: logged_in=no; Path=/; Domain=github.com; Expires=Tue, 10 Dec 2024 10:33:10 GMT; HttpOnly; Secure; SameSite=Lax
Accept-Ranges: bytes
Transfer-Encoding: chunked
X-GitHub-Request-Id: 5CA7:217B1C:3D722B:49949A:657593E6
connection: close

]
[2023-12-10 16:11:10,783: INFO: common: yaml file: C:\Users\bhand\OneDrive\Desktop\Deep Learning\Nidarshan\config\config.yaml loaded successfully]
[2023-12-10 16:11:10,785: INFO: common: yaml file: C:\Users\bhand\OneDrive\Desktop\Deep Learning\Nidarshan\params.yaml loaded successfully]
[2023-12-10 16:11:10,786: INFO: common: Create directory at: artifacts]
[2023-12-10 16:11:10,787: INFO: common: Create directory at: artifacts/data_ingestion]
[2023-12-10 16:11:18,251: INFO: 1457973317: artifacts/data_ingestion/data.zip download! with following info: 
Connection: close
Content-Length: 49213740
Cache-Control: max-age=300
Content-Security-Policy: default-src 'none'; style-src 'unsafe-inline'; sandbox
Content-Type: application/zip
ETag: "5233545dbdacd20ab80ba163c69c0c3a0bb45d9efe54f9d34bb13251bec4a6c5"
Strict-Transport-Security: max-age=31536000
X-Content-Type-Options: nosniff
X-Frame-Options: deny
X-XSS-Protection: 1; mode=block
X-GitHub-Request-Id: 623A:45F9:7A14E9:97D8C2:657595C5
Accept-Ranges: bytes
Date: Sun, 10 Dec 2023 10:41:13 GMT
Via: 1.1 varnish
X-Served-By: cache-maa10226-MAA
X-Cache: MISS
X-Cache-Hits: 0
X-Timer: S1702204870.095410,VS0,VE2936
Vary: Authorization,Accept-Encoding,Origin
Access-Control-Allow-Origin: *
Cross-Origin-Resource-Policy: cross-origin
X-Fastly-Request-ID: 63c8203aaa3e529f9ded735f43b73e28fec98540
Expires: Sun, 10 Dec 2023 10:46:13 GMT
Source-Age: 3

]
[2023-12-10 16:27:15,081: INFO: main: >>>>>> stage Data Ingestion Stage started <<<<<<<]
[2023-12-10 16:27:15,082: INFO: common: yaml file: C:\Users\bhand\OneDrive\Desktop\Deep Learning\Nidarshan\config\config.yaml loaded successfully]
[2023-12-10 16:27:15,083: INFO: common: yaml file: C:\Users\bhand\OneDrive\Desktop\Deep Learning\Nidarshan\params.yaml loaded successfully]
[2023-12-10 16:27:15,083: INFO: common: Create directory at: artifacts]
[2023-12-10 16:27:15,083: INFO: common: Create directory at: artifacts/data_ingestion]
[2023-12-10 16:27:20,330: INFO: data_ingestion: artifacts/data_ingestion/data.zip download! with following info: 
Connection: close
Content-Length: 49213740
Cache-Control: max-age=300
Content-Security-Policy: default-src 'none'; style-src 'unsafe-inline'; sandbox
Content-Type: application/zip
ETag: "5233545dbdacd20ab80ba163c69c0c3a0bb45d9efe54f9d34bb13251bec4a6c5"
Strict-Transport-Security: max-age=31536000
X-Content-Type-Options: nosniff
X-Frame-Options: deny
X-XSS-Protection: 1; mode=block
X-GitHub-Request-Id: 623A:45F9:7A14E9:97D8C2:657595C5
Accept-Ranges: bytes
Date: Sun, 10 Dec 2023 10:57:14 GMT
Via: 1.1 varnish
X-Served-By: cache-maa10241-MAA
X-Cache: HIT
X-Cache-Hits: 0
X-Timer: S1702205834.424152,VS0,VE279
Vary: Authorization,Accept-Encoding,Origin
Access-Control-Allow-Origin: *
Cross-Origin-Resource-Policy: cross-origin
X-Fastly-Request-ID: bab090a983f0343412245d66b07dd9d4d2eadbf5
Expires: Sun, 10 Dec 2023 11:02:14 GMT
Source-Age: 0

]
[2023-12-10 16:27:21,092: INFO: main: >>>>>> stage Data Ingestion Stage completed <<<<<<< 

x====================x]
[2023-12-10 19:33:32,355: INFO: utils: Note: NumExpr detected 16 cores but "NUMEXPR_MAX_THREADS" not set, so enforcing safe limit of 8.]
[2023-12-10 19:33:32,356: INFO: utils: NumExpr defaulting to 8 threads.]
[2023-12-10 22:02:16,878: INFO: common: yaml file: C:\Users\bhand\OneDrive\Desktop\Deep Learning\Nidarshan\config\config.yaml loaded successfully]
[2023-12-10 22:02:16,890: INFO: common: yaml file: C:\Users\bhand\OneDrive\Desktop\Deep Learning\Nidarshan\params.yaml loaded successfully]
[2023-12-10 22:02:16,892: INFO: common: Create directory at: artifacts]
[2023-12-10 22:02:16,892: INFO: common: Create directory at: artifacts/prepare_base_model]
[2023-12-10 22:02:17,532: WARNING: saving_utils: Compiled the loaded model, but the compiled metrics have yet to be built. `model.compile_metrics` will be empty until you train or evaluate the model.]
[2023-12-10 22:07:20,241: INFO: utils: Note: NumExpr detected 16 cores but "NUMEXPR_MAX_THREADS" not set, so enforcing safe limit of 8.]
[2023-12-10 22:07:20,246: INFO: utils: NumExpr defaulting to 8 threads.]
[2023-12-10 22:07:20,739: INFO: main: >>>>>> stage Data Ingestion Stage started <<<<<<<]
[2023-12-10 22:07:20,739: INFO: common: yaml file: C:\Users\bhand\OneDrive\Desktop\Deep Learning\Nidarshan\config\config.yaml loaded successfully]
[2023-12-10 22:07:20,739: INFO: common: yaml file: C:\Users\bhand\OneDrive\Desktop\Deep Learning\Nidarshan\params.yaml loaded successfully]
[2023-12-10 22:07:20,739: INFO: common: Create directory at: artifacts]
[2023-12-10 22:07:20,739: INFO: common: Create directory at: artifacts/data_ingestion]
[2023-12-10 22:07:30,376: INFO: data_ingestion: artifacts/data_ingestion/data.zip download! with following info: 
Connection: close
Content-Length: 49213740
Cache-Control: max-age=300
Content-Security-Policy: default-src 'none'; style-src 'unsafe-inline'; sandbox
Content-Type: application/zip
ETag: "5233545dbdacd20ab80ba163c69c0c3a0bb45d9efe54f9d34bb13251bec4a6c5"
Strict-Transport-Security: max-age=31536000
X-Content-Type-Options: nosniff
X-Frame-Options: deny
X-XSS-Protection: 1; mode=block
X-GitHub-Request-Id: 64BE:5EB7:A39E46:CC411A:6575E941
Accept-Ranges: bytes
Date: Sun, 10 Dec 2023 16:37:26 GMT
Via: 1.1 varnish
X-Served-By: cache-maa10245-MAA
X-Cache: MISS
X-Cache-Hits: 0
X-Timer: S1702226242.615237,VS0,VE5090
Vary: Authorization,Accept-Encoding,Origin
Access-Control-Allow-Origin: *
Cross-Origin-Resource-Policy: cross-origin
X-Fastly-Request-ID: 0f6d67c4941f0167aac044c868011bf16516f4bd
Expires: Sun, 10 Dec 2023 16:42:26 GMT
Source-Age: 4

]
[2023-12-10 22:07:31,116: INFO: main: >>>>>> stage Data Ingestion Stage completed <<<<<<< 

x====================x]
[2023-12-10 22:07:31,116: INFO: main: *******************************]
[2023-12-10 22:07:31,116: INFO: main: >>>>>> stage Prepare base model started <<<<<<<]
[2023-12-10 22:07:31,116: INFO: common: yaml file: C:\Users\bhand\OneDrive\Desktop\Deep Learning\Nidarshan\config\config.yaml loaded successfully]
[2023-12-10 22:07:31,120: INFO: common: yaml file: C:\Users\bhand\OneDrive\Desktop\Deep Learning\Nidarshan\params.yaml loaded successfully]
[2023-12-10 22:07:31,120: INFO: common: Create directory at: artifacts]
[2023-12-10 22:07:31,120: INFO: common: Create directory at: artifacts/prepare_base_model]
[2023-12-10 22:07:31,713: WARNING: saving_utils: Compiled the loaded model, but the compiled metrics have yet to be built. `model.compile_metrics` will be empty until you train or evaluate the model.]
[2023-12-10 22:07:31,929: INFO: main: >>>>>> stage Prepare base model completed <<<<<<< 

x====================x]
[2023-12-10 22:12:27,037: INFO: utils: Note: NumExpr detected 16 cores but "NUMEXPR_MAX_THREADS" not set, so enforcing safe limit of 8.]
[2023-12-10 22:12:27,037: INFO: utils: NumExpr defaulting to 8 threads.]
[2023-12-10 22:12:46,238: INFO: common: yaml file: C:\Users\bhand\OneDrive\Desktop\Deep Learning\Nidarshan\config\config.yaml loaded successfully]
[2023-12-10 22:12:46,241: INFO: common: yaml file: C:\Users\bhand\OneDrive\Desktop\Deep Learning\Nidarshan\params.yaml loaded successfully]
[2023-12-10 22:12:46,241: INFO: common: Create directory at: artifacts]
[2023-12-10 22:12:46,241: INFO: common: Create directory at: artifacts\prepare_callbacks\checkpoint_dir]
[2023-12-10 22:12:46,246: INFO: common: Create directory at: artifacts\prepare_callbacks\tensorboard_log_dir]
[2023-12-10 22:17:44,403: INFO: utils: Note: NumExpr detected 16 cores but "NUMEXPR_MAX_THREADS" not set, so enforcing safe limit of 8.]
[2023-12-10 22:17:44,405: INFO: utils: NumExpr defaulting to 8 threads.]
[2023-12-10 22:20:10,985: INFO: common: yaml file: C:\Users\bhand\OneDrive\Desktop\Deep Learning\Nidarshan\config\config.yaml loaded successfully]
[2023-12-10 22:20:10,988: INFO: common: yaml file: C:\Users\bhand\OneDrive\Desktop\Deep Learning\Nidarshan\params.yaml loaded successfully]
[2023-12-10 22:20:10,989: INFO: common: Create directory at: artifacts]
[2023-12-10 22:20:10,990: INFO: common: Create directory at: artifacts\prepare_callbacks\checkpoint_dir]
[2023-12-10 22:20:10,991: INFO: common: Create directory at: artifacts\prepare_callbacks\tensorboard_log_dir]
[2023-12-10 22:22:27,887: INFO: common: yaml file: C:\Users\bhand\OneDrive\Desktop\Deep Learning\Nidarshan\config\config.yaml loaded successfully]
[2023-12-10 22:22:27,889: INFO: common: yaml file: C:\Users\bhand\OneDrive\Desktop\Deep Learning\Nidarshan\params.yaml loaded successfully]
[2023-12-10 22:22:27,890: INFO: common: Create directory at: artifacts]
[2023-12-10 22:22:27,891: INFO: common: Create directory at: artifacts\prepare_callbacks\checkpoint_dir]
[2023-12-10 22:22:27,892: INFO: common: Create directory at: artifacts\prepare_callbacks\tensorboard_log_dir]
[2023-12-10 22:26:07,067: INFO: common: yaml file: C:\Users\bhand\OneDrive\Desktop\Deep Learning\Nidarshan\config\config.yaml loaded successfully]
[2023-12-10 22:26:07,070: INFO: common: yaml file: C:\Users\bhand\OneDrive\Desktop\Deep Learning\Nidarshan\params.yaml loaded successfully]
[2023-12-10 22:26:07,071: INFO: common: Create directory at: artifacts]
[2023-12-10 22:26:07,072: INFO: common: Create directory at: artifacts\prepare_callbacks\checkpoint_dir]
[2023-12-10 22:26:07,073: INFO: common: Create directory at: artifacts\prepare_callbacks\tensorboard_log_dir]
[2023-12-10 22:29:17,049: INFO: common: yaml file: C:\Users\bhand\OneDrive\Desktop\Deep Learning\Nidarshan\config\config.yaml loaded successfully]
[2023-12-10 22:29:17,050: INFO: common: yaml file: C:\Users\bhand\OneDrive\Desktop\Deep Learning\Nidarshan\params.yaml loaded successfully]
[2023-12-10 22:29:17,051: INFO: common: Create directory at: artifacts]
[2023-12-10 22:29:17,052: INFO: common: Create directory at: artifacts\prepare_callbacks\checkpoint_dir]
[2023-12-10 22:29:17,053: INFO: common: Create directory at: artifacts\prepare_callbacks\tensorboard_log_dir]
[2023-12-10 22:36:25,686: INFO: common: yaml file: C:\Users\bhand\OneDrive\Desktop\Deep Learning\Nidarshan\config\config.yaml loaded successfully]
[2023-12-10 22:36:25,689: INFO: common: yaml file: C:\Users\bhand\OneDrive\Desktop\Deep Learning\Nidarshan\params.yaml loaded successfully]
[2023-12-10 22:36:25,690: INFO: common: Create directory at: artifacts]
[2023-12-10 22:36:25,690: INFO: common: Create directory at: artifacts\prepare_callbacks\checkpoint_dir]
[2023-12-10 22:36:25,691: INFO: common: Create directory at: artifacts\prepare_callbacks\tensorboard_log_dir]
[2023-12-10 22:40:29,451: INFO: common: yaml file: C:\Users\bhand\OneDrive\Desktop\Deep Learning\Nidarshan\config\config.yaml loaded successfully]
[2023-12-10 22:40:29,453: INFO: common: yaml file: C:\Users\bhand\OneDrive\Desktop\Deep Learning\Nidarshan\params.yaml loaded successfully]
[2023-12-10 22:40:29,454: INFO: common: Create directory at: artifacts]
[2023-12-10 22:40:29,455: INFO: common: Create directory at: artifacts\prepare_callbacks\checkpoint_dir]
[2023-12-10 22:40:29,455: INFO: common: Create directory at: artifacts\prepare_callbacks\tensorboard_log_dir]
[2023-12-10 22:41:32,354: INFO: common: yaml file: C:\Users\bhand\OneDrive\Desktop\Deep Learning\Nidarshan\config\config.yaml loaded successfully]
[2023-12-10 22:41:32,355: INFO: common: yaml file: C:\Users\bhand\OneDrive\Desktop\Deep Learning\Nidarshan\params.yaml loaded successfully]
[2023-12-10 22:41:32,356: INFO: common: Create directory at: artifacts]
[2023-12-10 22:41:32,357: INFO: common: Create directory at: artifacts\prepare_callbacks\checkpoint_dir]
[2023-12-10 22:41:32,358: INFO: common: Create directory at: artifacts\prepare_callbacks\tensorboard_log_dir]
[2023-12-10 22:41:32,359: INFO: common: Create directory at: artifacts\training]
[2023-12-10 22:41:51,861: INFO: common: yaml file: C:\Users\bhand\OneDrive\Desktop\Deep Learning\Nidarshan\config\config.yaml loaded successfully]
[2023-12-10 22:41:51,863: INFO: common: yaml file: C:\Users\bhand\OneDrive\Desktop\Deep Learning\Nidarshan\params.yaml loaded successfully]
[2023-12-10 22:41:51,864: INFO: common: Create directory at: artifacts]
[2023-12-10 22:41:51,864: INFO: common: Create directory at: artifacts\prepare_callbacks\checkpoint_dir]
[2023-12-10 22:41:51,865: INFO: common: Create directory at: artifacts\prepare_callbacks\tensorboard_log_dir]
[2023-12-10 22:41:51,865: INFO: common: Create directory at: artifacts\training]
[2023-12-10 23:26:06,095: INFO: utils: Note: NumExpr detected 16 cores but "NUMEXPR_MAX_THREADS" not set, so enforcing safe limit of 8.]
[2023-12-10 23:26:06,095: INFO: utils: NumExpr defaulting to 8 threads.]
[2023-12-10 23:26:06,769: INFO: main: >>>>>> stage Data Ingestion Stage started <<<<<<<]
[2023-12-10 23:26:06,780: INFO: common: yaml file: C:\Users\bhand\OneDrive\Desktop\Deep Learning\Nidarshan\config\config.yaml loaded successfully]
[2023-12-10 23:26:06,780: INFO: common: yaml file: C:\Users\bhand\OneDrive\Desktop\Deep Learning\Nidarshan\params.yaml loaded successfully]
[2023-12-10 23:26:06,780: INFO: common: Create directory at: artifacts]
[2023-12-10 23:26:06,780: INFO: common: Create directory at: artifacts/data_ingestion]
[2023-12-10 23:26:17,575: INFO: data_ingestion: artifacts/data_ingestion/data.zip download! with following info: 
Connection: close
Content-Length: 49213740
Cache-Control: max-age=300
Content-Security-Policy: default-src 'none'; style-src 'unsafe-inline'; sandbox
Content-Type: application/zip
ETag: "5233545dbdacd20ab80ba163c69c0c3a0bb45d9efe54f9d34bb13251bec4a6c5"
Strict-Transport-Security: max-age=31536000
X-Content-Type-Options: nosniff
X-Frame-Options: deny
X-XSS-Protection: 1; mode=block
X-GitHub-Request-Id: BDA2:7ECA:B4DBAE:DC85B6:6575FBB5
Accept-Ranges: bytes
Date: Sun, 10 Dec 2023 17:56:13 GMT
Via: 1.1 varnish
X-Served-By: cache-maa10244-MAA
X-Cache: MISS
X-Cache-Hits: 0
X-Timer: S1702230968.337747,VS0,VE5055
Vary: Authorization,Accept-Encoding,Origin
Access-Control-Allow-Origin: *
Cross-Origin-Resource-Policy: cross-origin
X-Fastly-Request-ID: bc0a7b2dcba13b5eacdcc9c189794595fd05400a
Expires: Sun, 10 Dec 2023 18:01:13 GMT
Source-Age: 5

]
[2023-12-10 23:26:18,571: INFO: main: >>>>>> stage Data Ingestion Stage completed <<<<<<< 

x====================x]
[2023-12-10 23:26:18,572: INFO: main: *******************************]
[2023-12-10 23:26:18,573: INFO: main: >>>>>> stage Prepare base model started <<<<<<<]
[2023-12-10 23:26:18,578: INFO: common: yaml file: C:\Users\bhand\OneDrive\Desktop\Deep Learning\Nidarshan\config\config.yaml loaded successfully]
[2023-12-10 23:26:18,580: INFO: common: yaml file: C:\Users\bhand\OneDrive\Desktop\Deep Learning\Nidarshan\params.yaml loaded successfully]
[2023-12-10 23:26:18,580: INFO: common: Create directory at: artifacts]
[2023-12-10 23:26:18,581: INFO: common: Create directory at: artifacts/prepare_base_model]
[2023-12-10 23:26:19,482: WARNING: saving_utils: Compiled the loaded model, but the compiled metrics have yet to be built. `model.compile_metrics` will be empty until you train or evaluate the model.]
[2023-12-10 23:26:20,207: INFO: main: >>>>>> stage Prepare base model completed <<<<<<< 

x====================x]
[2023-12-10 23:26:20,208: INFO: main: >>>>>> stage Training started <<<<<<<]
[2023-12-10 23:26:20,214: INFO: common: yaml file: C:\Users\bhand\OneDrive\Desktop\Deep Learning\Nidarshan\config\config.yaml loaded successfully]
[2023-12-10 23:26:20,219: INFO: common: yaml file: C:\Users\bhand\OneDrive\Desktop\Deep Learning\Nidarshan\params.yaml loaded successfully]
[2023-12-10 23:26:20,220: INFO: common: Create directory at: artifacts]
[2023-12-10 23:26:20,223: INFO: common: Create directory at: artifacts\prepare_callbacks\checkpoint_dir]
[2023-12-10 23:26:20,224: INFO: common: Create directory at: artifacts\prepare_callbacks\tensorboard_log_dir]
[2023-12-10 23:26:20,227: INFO: common: Create directory at: artifacts\training]
[2023-12-10 23:26:21,055: ERROR: main: [WinError 3] The system cannot find the path specified: 'artifacts\\data_ingestion\\Chicken-fecal-images']
Traceback (most recent call last):
  File "C:\Users\bhand\OneDrive\Desktop\Deep Learning\Nidarshan\main.py", line 33, in <module>
    obj.main()
  File "c:\users\bhand\onedrive\desktop\deep learning\nidarshan\src\Nidarshan\pipeline\stage_03_training.py", line 22, in main
    training.train_valid_generator()
  File "c:\users\bhand\onedrive\desktop\deep learning\nidarshan\src\Nidarshan\components\training.py", line 36, in train_valid_generator
    self.valid_generator = valid_datagenerator.flow_from_directory(
  File "C:\Users\bhand\anaconda3\lib\site-packages\keras\preprocessing\image.py", line 1648, in flow_from_directory
    return DirectoryIterator(
  File "C:\Users\bhand\anaconda3\lib\site-packages\keras\preprocessing\image.py", line 563, in __init__
    for subdir in sorted(os.listdir(directory)):
FileNotFoundError: [WinError 3] The system cannot find the path specified: 'artifacts\\data_ingestion\\Chicken-fecal-images'
[2023-12-10 23:27:29,302: INFO: utils: Note: NumExpr detected 16 cores but "NUMEXPR_MAX_THREADS" not set, so enforcing safe limit of 8.]
[2023-12-10 23:27:29,302: INFO: utils: NumExpr defaulting to 8 threads.]
[2023-12-10 23:27:30,005: INFO: main: >>>>>> stage Data Ingestion Stage started <<<<<<<]
[2023-12-10 23:27:30,008: INFO: common: yaml file: C:\Users\bhand\OneDrive\Desktop\Deep Learning\Nidarshan\config\config.yaml loaded successfully]
[2023-12-10 23:27:30,010: INFO: common: yaml file: C:\Users\bhand\OneDrive\Desktop\Deep Learning\Nidarshan\params.yaml loaded successfully]
[2023-12-10 23:27:30,010: INFO: common: Create directory at: artifacts]
[2023-12-10 23:27:30,011: INFO: common: Create directory at: artifacts/data_ingestion]
[2023-12-10 23:27:35,976: INFO: data_ingestion: artifacts/data_ingestion/data.zip download! with following info: 
Connection: close
Content-Length: 49213740
Cache-Control: max-age=300
Content-Security-Policy: default-src 'none'; style-src 'unsafe-inline'; sandbox
Content-Type: application/zip
ETag: "5233545dbdacd20ab80ba163c69c0c3a0bb45d9efe54f9d34bb13251bec4a6c5"
Strict-Transport-Security: max-age=31536000
X-Content-Type-Options: nosniff
X-Frame-Options: deny
X-XSS-Protection: 1; mode=block
X-GitHub-Request-Id: BDA2:7ECA:B4DBAE:DC85B6:6575FBB5
Accept-Ranges: bytes
Date: Sun, 10 Dec 2023 17:57:30 GMT
Via: 1.1 varnish
X-Served-By: cache-maa10230-MAA
X-Cache: HIT
X-Cache-Hits: 0
X-Timer: S1702231051.713035,VS0,VE1
Vary: Authorization,Accept-Encoding,Origin
Access-Control-Allow-Origin: *
Cross-Origin-Resource-Policy: cross-origin
X-Fastly-Request-ID: 99f77812c06c6a3ea780179fb9ca2f6fbc046a06
Expires: Sun, 10 Dec 2023 18:02:30 GMT
Source-Age: 82

]
[2023-12-10 23:27:36,641: INFO: main: >>>>>> stage Data Ingestion Stage completed <<<<<<< 

x====================x]
[2023-12-10 23:27:36,642: INFO: main: *******************************]
[2023-12-10 23:27:36,642: INFO: main: >>>>>> stage Prepare base model started <<<<<<<]
[2023-12-10 23:27:36,645: INFO: common: yaml file: C:\Users\bhand\OneDrive\Desktop\Deep Learning\Nidarshan\config\config.yaml loaded successfully]
[2023-12-10 23:27:36,646: INFO: common: yaml file: C:\Users\bhand\OneDrive\Desktop\Deep Learning\Nidarshan\params.yaml loaded successfully]
[2023-12-10 23:27:36,646: INFO: common: Create directory at: artifacts]
[2023-12-10 23:27:36,647: INFO: common: Create directory at: artifacts/prepare_base_model]
[2023-12-10 23:27:37,045: WARNING: saving_utils: Compiled the loaded model, but the compiled metrics have yet to be built. `model.compile_metrics` will be empty until you train or evaluate the model.]
[2023-12-10 23:27:37,236: INFO: main: >>>>>> stage Prepare base model completed <<<<<<< 

x====================x]
[2023-12-10 23:27:37,236: INFO: main: >>>>>> stage Training started <<<<<<<]
[2023-12-10 23:27:37,240: INFO: common: yaml file: C:\Users\bhand\OneDrive\Desktop\Deep Learning\Nidarshan\config\config.yaml loaded successfully]
[2023-12-10 23:27:37,241: INFO: common: yaml file: C:\Users\bhand\OneDrive\Desktop\Deep Learning\Nidarshan\params.yaml loaded successfully]
[2023-12-10 23:27:37,242: INFO: common: Create directory at: artifacts]
[2023-12-10 23:27:37,243: INFO: common: Create directory at: artifacts\prepare_callbacks\checkpoint_dir]
[2023-12-10 23:27:37,243: INFO: common: Create directory at: artifacts\prepare_callbacks\tensorboard_log_dir]
[2023-12-10 23:27:37,245: INFO: common: Create directory at: artifacts\training]
[2023-12-10 23:56:48,166: INFO: main: >>>>>> stage Training completed <<<<<<< 

x====================x]
[2023-12-11 11:16:19,777: INFO: common: yaml file: C:\Users\bhand\OneDrive\Desktop\Deep Learning\Nidarshan\config\config.yaml loaded successfully]
[2023-12-11 11:16:19,798: INFO: common: yaml file: C:\Users\bhand\OneDrive\Desktop\Deep Learning\Nidarshan\params.yaml loaded successfully]
[2023-12-11 11:16:19,798: INFO: common: Create directory at: artifacts]
[2023-12-11 11:16:39,372: INFO: common: Json file saved at: scores.json]
[2023-12-11 11:22:13,047: INFO: utils: Note: NumExpr detected 16 cores but "NUMEXPR_MAX_THREADS" not set, so enforcing safe limit of 8.]
[2023-12-11 11:22:13,047: INFO: utils: NumExpr defaulting to 8 threads.]
[2023-12-11 11:22:14,119: INFO: main: >>>>>> stage Data Ingestion Stage started <<<<<<<]
[2023-12-11 11:22:14,127: INFO: common: yaml file: C:\Users\bhand\OneDrive\Desktop\Deep Learning\Nidarshan\config\config.yaml loaded successfully]
[2023-12-11 11:22:14,132: INFO: common: yaml file: C:\Users\bhand\OneDrive\Desktop\Deep Learning\Nidarshan\params.yaml loaded successfully]
[2023-12-11 11:22:14,132: INFO: common: Create directory at: artifacts]
[2023-12-11 11:22:14,133: INFO: common: Create directory at: artifacts/data_ingestion]
[2023-12-11 11:22:14,133: INFO: data_ingestion: File already exists of size: ~48060]
[2023-12-11 11:22:15,333: INFO: main: >>>>>> stage Data Ingestion Stage completed <<<<<<< 

x====================x]
[2023-12-11 11:22:15,334: INFO: main: *******************************]
[2023-12-11 11:22:15,334: INFO: main: >>>>>> stage Prepare base model started <<<<<<<]
[2023-12-11 11:22:15,334: INFO: common: yaml file: C:\Users\bhand\OneDrive\Desktop\Deep Learning\Nidarshan\config\config.yaml loaded successfully]
[2023-12-11 11:22:15,334: INFO: common: yaml file: C:\Users\bhand\OneDrive\Desktop\Deep Learning\Nidarshan\params.yaml loaded successfully]
[2023-12-11 11:22:15,334: INFO: common: Create directory at: artifacts]
[2023-12-11 11:22:15,342: INFO: common: Create directory at: artifacts/prepare_base_model]
[2023-12-11 11:22:16,088: WARNING: saving_utils: Compiled the loaded model, but the compiled metrics have yet to be built. `model.compile_metrics` will be empty until you train or evaluate the model.]
[2023-12-11 11:22:16,504: INFO: main: >>>>>> stage Prepare base model completed <<<<<<< 

x====================x]
[2023-12-11 11:22:16,504: INFO: main: >>>>>> stage Training started <<<<<<<]
[2023-12-11 11:22:16,508: INFO: common: yaml file: C:\Users\bhand\OneDrive\Desktop\Deep Learning\Nidarshan\config\config.yaml loaded successfully]
[2023-12-11 11:22:16,512: INFO: common: yaml file: C:\Users\bhand\OneDrive\Desktop\Deep Learning\Nidarshan\params.yaml loaded successfully]
[2023-12-11 11:22:16,512: INFO: common: Create directory at: artifacts]
[2023-12-11 11:22:16,515: INFO: common: Create directory at: artifacts\prepare_callbacks\checkpoint_dir]
[2023-12-11 11:22:16,515: INFO: common: Create directory at: artifacts\prepare_callbacks\tensorboard_log_dir]
[2023-12-11 11:22:16,518: INFO: common: Create directory at: artifacts\training]
[2023-12-11 13:06:10,763: INFO: stage_01_data_ingestion: >>>>>> stage Data Ingestion Stage started <<<<<<<]
[2023-12-11 13:06:10,765: INFO: common: yaml file: C:\Users\bhand\OneDrive\Desktop\Deep Learning\Nidarshan\config\config.yaml loaded successfully]
[2023-12-11 13:06:10,766: INFO: common: yaml file: C:\Users\bhand\OneDrive\Desktop\Deep Learning\Nidarshan\params.yaml loaded successfully]
[2023-12-11 13:06:10,766: INFO: common: Create directory at: artifacts]
[2023-12-11 13:06:10,767: INFO: common: Create directory at: artifacts/data_ingestion]
[2023-12-11 13:06:10,767: INFO: data_ingestion: File already exists of size: ~48060]
[2023-12-11 13:06:11,297: INFO: stage_01_data_ingestion: >>>>>> stage Data Ingestion Stage completed <<<<<<< 

x====================x]
[2023-12-11 13:06:21,537: INFO: utils: Note: NumExpr detected 16 cores but "NUMEXPR_MAX_THREADS" not set, so enforcing safe limit of 8.]
[2023-12-11 13:06:21,537: INFO: utils: NumExpr defaulting to 8 threads.]
[2023-12-11 13:06:22,233: INFO: stage_02_prepare_base_model: >>>>>> stage Prepare base model started <<<<<<<]
[2023-12-11 13:06:22,236: INFO: common: yaml file: C:\Users\bhand\OneDrive\Desktop\Deep Learning\Nidarshan\config\config.yaml loaded successfully]
[2023-12-11 13:06:22,237: INFO: common: yaml file: C:\Users\bhand\OneDrive\Desktop\Deep Learning\Nidarshan\params.yaml loaded successfully]
[2023-12-11 13:06:22,238: INFO: common: Create directory at: artifacts]
[2023-12-11 13:06:22,238: INFO: common: Create directory at: artifacts/prepare_base_model]
[2023-12-11 13:06:22,576: WARNING: saving_utils: Compiled the loaded model, but the compiled metrics have yet to be built. `model.compile_metrics` will be empty until you train or evaluate the model.]
[2023-12-11 13:06:22,753: INFO: stage_02_prepare_base_model: >>>>>> stage Prepare base model completed <<<<<<< 

x====================x]
[2023-12-11 13:06:27,642: INFO: utils: Note: NumExpr detected 16 cores but "NUMEXPR_MAX_THREADS" not set, so enforcing safe limit of 8.]
[2023-12-11 13:06:27,642: INFO: utils: NumExpr defaulting to 8 threads.]
[2023-12-11 13:06:28,121: INFO: stage_03_training: >>>>>> stage Training started <<<<<<<]
[2023-12-11 13:06:28,124: INFO: common: yaml file: C:\Users\bhand\OneDrive\Desktop\Deep Learning\Nidarshan\config\config.yaml loaded successfully]
[2023-12-11 13:06:28,125: INFO: common: yaml file: C:\Users\bhand\OneDrive\Desktop\Deep Learning\Nidarshan\params.yaml loaded successfully]
[2023-12-11 13:06:28,126: INFO: common: Create directory at: artifacts]
[2023-12-11 13:06:28,126: INFO: common: Create directory at: artifacts\prepare_callbacks\checkpoint_dir]
[2023-12-11 13:06:28,127: INFO: common: Create directory at: artifacts\prepare_callbacks\tensorboard_log_dir]
[2023-12-11 13:06:28,127: INFO: common: Create directory at: artifacts\training]
[2023-12-11 13:35:02,106: INFO: stage_03_training: >>>>>> stage Training completed <<<<<<< 

x====================x]
[2023-12-11 13:35:07,536: INFO: utils: Note: NumExpr detected 16 cores but "NUMEXPR_MAX_THREADS" not set, so enforcing safe limit of 8.]
[2023-12-11 13:35:07,536: INFO: utils: NumExpr defaulting to 8 threads.]
[2023-12-11 13:35:08,009: INFO: stage_04_evaluation: ************************************************************]
[2023-12-11 13:35:08,009: INFO: stage_04_evaluation: >>>>>> stage Evalutation started <<<<<<<]
[2023-12-11 13:35:08,009: INFO: common: yaml file: C:\Users\bhand\OneDrive\Desktop\Deep Learning\Nidarshan\config\config.yaml loaded successfully]
[2023-12-11 13:35:08,009: INFO: common: yaml file: C:\Users\bhand\OneDrive\Desktop\Deep Learning\Nidarshan\params.yaml loaded successfully]
[2023-12-11 13:35:08,009: INFO: common: Create directory at: artifacts]
[2023-12-11 13:35:29,686: INFO: common: Json file saved at: scores.json]
[2023-12-11 13:35:29,686: INFO: stage_04_evaluation: >>>>>> stage Evalutation completed <<<<<<< 

x====================x]
